

**** ESTADISTICO INFORMANDO ****
********************************
El surtidor 1 se ha usado 3 veces.
La duracion media del repostaje en el surtidor 1 ha sido de 21
El surtidor 2 se ha usado 3 veces.
La duracion media del repostaje en el surtidor 2 ha sido de 26
El surtidor 3 se ha usado 3 veces.
La duracion media del repostaje en el surtidor 3 ha sido de 15
El surtidor 4 se ha usado 4 veces.
La duracion media del repostaje en el surtidor 4 ha sido de 11
Coches bloqueados hasta el momento: 25
*************************************
******** FIN DEL COMUNICADO *********




**** ESTADISTICO INFORMANDO ****
********************************
El surtidor 1 se ha usado 4 veces.
La duracion media del repostaje en el surtidor 1 ha sido de 32
El surtidor 2 se ha usado 4 veces.
La duracion media del repostaje en el surtidor 2 ha sido de 35
El surtidor 3 se ha usado 6 veces.
La duracion media del repostaje en el surtidor 3 ha sido de 19
El surtidor 4 se ha usado 6 veces.
La duracion media del repostaje en el surtidor 4 ha sido de 18
Coches bloqueados hasta el momento: 89
*************************************
******** FIN DEL COMUNICADO *********




**** ESTADISTICO INFORMANDO ****
********************************
El surtidor 1 se ha usado 6 veces.
La duracion media del repostaje en el surtidor 1 ha sido de 38
El surtidor 2 se ha usado 6 veces.
La duracion media del repostaje en el surtidor 2 ha sido de 42
El surtidor 3 se ha usado 7 veces.
La duracion media del repostaje en el surtidor 3 ha sido de 26
El surtidor 4 se ha usado 7 veces.
La duracion media del repostaje en el surtidor 4 ha sido de 25
Coches bloqueados hasta el momento: 165
*************************************
******** FIN DEL COMUNICADO *********




**** ESTADISTICO INFORMANDO ****
********************************
El surtidor 1 se ha usado 7 veces.
La duracion media del repostaje en el surtidor 1 ha sido de 46
El surtidor 2 se ha usado 6 veces.
La duracion media del repostaje en el surtidor 2 ha sido de 42
El surtidor 3 se ha usado 11 veces.
La duracion media del repostaje en el surtidor 3 ha sido de 27
El surtidor 4 se ha usado 8 veces.
La duracion media del repostaje en el surtidor 4 ha sido de 33
Coches bloqueados hasta el momento: 245
*************************************
******** FIN DEL COMUNICADO *********




**** ESTADISTICO INFORMANDO ****
********************************
El surtidor 1 se ha usado 7 veces.
La duracion media del repostaje en el surtidor 1 ha sido de 46
El surtidor 2 se ha usado 8 veces.
La duracion media del repostaje en el surtidor 2 ha sido de 41
El surtidor 3 se ha usado 11 veces.
La duracion media del repostaje en el surtidor 3 ha sido de 27
El surtidor 4 se ha usado 10 veces.
La duracion media del repostaje en el surtidor 4 ha sido de 31
Coches bloqueados hasta el momento: 299
*************************************
******** FIN DEL COMUNICADO *********




**** ESTADISTICO INFORMANDO ****
********************************
El surtidor 1 se ha usado 9 veces.
La duracion media del repostaje en el surtidor 1 ha sido de 44
El surtidor 2 se ha usado 9 veces.
La duracion media del repostaje en el surtidor 2 ha sido de 43
El surtidor 3 se ha usado 12 veces.
La duracion media del repostaje en el surtidor 3 ha sido de 30
El surtidor 4 se ha usado 13 veces.
La duracion media del repostaje en el surtidor 4 ha sido de 33
Coches bloqueados hasta el momento: 380
*************************************
******** FIN DEL COMUNICADO *********




**** ESTADISTICO INFORMANDO ****
********************************
El surtidor 1 se ha usado 11 veces.
La duracion media del repostaje en el surtidor 1 ha sido de 44
El surtidor 2 se ha usado 10 veces.
La duracion media del repostaje en el surtidor 2 ha sido de 46
El surtidor 3 se ha usado 14 veces.
La duracion media del repostaje en el surtidor 3 ha sido de 31
El surtidor 4 se ha usado 14 veces.
La duracion media del repostaje en el surtidor 4 ha sido de 32
Coches bloqueados hasta el momento: 447
*************************************
******** FIN DEL COMUNICADO *********




**** ESTADISTICO INFORMANDO ****
********************************
El surtidor 1 se ha usado 13 veces.
La duracion media del repostaje en el surtidor 1 ha sido de 41
El surtidor 2 se ha usado 12 veces.
La duracion media del repostaje en el surtidor 2 ha sido de 46
El surtidor 3 se ha usado 15 veces.
La duracion media del repostaje en el surtidor 3 ha sido de 35
El surtidor 4 se ha usado 16 veces.
La duracion media del repostaje en el surtidor 4 ha sido de 34
Coches bloqueados hasta el momento: 523
*************************************
******** FIN DEL COMUNICADO *********




**** ESTADISTICO INFORMANDO ****
********************************
El surtidor 1 se ha usado 16 veces.
La duracion media del repostaje en el surtidor 1 ha sido de 38
El surtidor 2 se ha usado 13 veces.
La duracion media del repostaje en el surtidor 2 ha sido de 50
El surtidor 3 se ha usado 17 veces.
La duracion media del repostaje en el surtidor 3 ha sido de 34
El surtidor 4 se ha usado 17 veces.
La duracion media del repostaje en el surtidor 4 ha sido de 37
Coches bloqueados hasta el momento: 601
*************************************
******** FIN DEL COMUNICADO *********




**** ESTADISTICO INFORMANDO ****
********************************
El surtidor 1 se ha usado 17 veces.
La duracion media del repostaje en el surtidor 1 ha sido de 39
El surtidor 2 se ha usado 14 veces.
La duracion media del repostaje en el surtidor 2 ha sido de 51
El surtidor 3 se ha usado 19 veces.
La duracion media del repostaje en el surtidor 3 ha sido de 33
El surtidor 4 se ha usado 18 veces.
La duracion media del repostaje en el surtidor 4 ha sido de 39
Coches bloqueados hasta el momento: 666
*************************************
******** FIN DEL COMUNICADO *********




**** ESTADISTICO INFORMANDO ****
********************************
El surtidor 1 se ha usado 18 veces.
La duracion media del repostaje en el surtidor 1 ha sido de 41
El surtidor 2 se ha usado 15 veces.
La duracion media del repostaje en el surtidor 2 ha sido de 53
El surtidor 3 se ha usado 21 veces.
La duracion media del repostaje en el surtidor 3 ha sido de 33
El surtidor 4 se ha usado 19 veces.
La duracion media del repostaje en el surtidor 4 ha sido de 38
Coches bloqueados hasta el momento: 725
*************************************
******** FIN DEL COMUNICADO *********




**** ESTADISTICO INFORMANDO ****
********************************
El surtidor 1 se ha usado 20 veces.
La duracion media del repostaje en el surtidor 1 ha sido de 40
El surtidor 2 se ha usado 15 veces.
La duracion media del repostaje en el surtidor 2 ha sido de 53
El surtidor 3 se ha usado 24 veces.
La duracion media del repostaje en el surtidor 3 ha sido de 33
El surtidor 4 se ha usado 21 veces.
La duracion media del repostaje en el surtidor 4 ha sido de 39
Coches bloqueados hasta el momento: 803
*************************************
******** FIN DEL COMUNICADO *********




**** ESTADISTICO INFORMANDO ****
********************************
El surtidor 1 se ha usado 21 veces.
La duracion media del repostaje en el surtidor 1 ha sido de 41
El surtidor 2 se ha usado 17 veces.
La duracion media del repostaje en el surtidor 2 ha sido de 56
El surtidor 3 se ha usado 26 veces.
La duracion media del repostaje en el surtidor 3 ha sido de 35
El surtidor 4 se ha usado 23 veces.
La duracion media del repostaje en el surtidor 4 ha sido de 39
Coches bloqueados hasta el momento: 887
*************************************
******** FIN DEL COMUNICADO *********




**** ESTADISTICO INFORMANDO ****
********************************
El surtidor 1 se ha usado 25 veces.
La duracion media del repostaje en el surtidor 1 ha sido de 36
El surtidor 2 se ha usado 17 veces.
La duracion media del repostaje en el surtidor 2 ha sido de 56
El surtidor 3 se ha usado 26 veces.
La duracion media del repostaje en el surtidor 3 ha sido de 35
El surtidor 4 se ha usado 24 veces.
La duracion media del repostaje en el surtidor 4 ha sido de 39
Coches bloqueados hasta el momento: 951
*************************************
******** FIN DEL COMUNICADO *********




**** ESTADISTICO INFORMANDO ****
********************************
El surtidor 1 se ha usado 27 veces.
La duracion media del repostaje en el surtidor 1 ha sido de 39
El surtidor 2 se ha usado 18 veces.
La duracion media del repostaje en el surtidor 2 ha sido de 56
El surtidor 3 se ha usado 27 veces.
La duracion media del repostaje en el surtidor 3 ha sido de 36
El surtidor 4 se ha usado 26 veces.
La duracion media del repostaje en el surtidor 4 ha sido de 38
Coches bloqueados hasta el momento: 1031
*************************************
******** FIN DEL COMUNICADO *********




**** ESTADISTICO INFORMANDO ****
********************************
El surtidor 1 se ha usado 27 veces.
La duracion media del repostaje en el surtidor 1 ha sido de 39
El surtidor 2 se ha usado 20 veces.
La duracion media del repostaje en el surtidor 2 ha sido de 55
El surtidor 3 se ha usado 29 veces.
La duracion media del repostaje en el surtidor 3 ha sido de 38
El surtidor 4 se ha usado 29 veces.
La duracion media del repostaje en el surtidor 4 ha sido de 38
Coches bloqueados hasta el momento: 1106
*************************************
******** FIN DEL COMUNICADO *********




**** ESTADISTICO INFORMANDO ****
********************************
El surtidor 1 se ha usado 28 veces.
La duracion media del repostaje en el surtidor 1 ha sido de 40
El surtidor 2 se ha usado 23 veces.
La duracion media del repostaje en el surtidor 2 ha sido de 51
El surtidor 3 se ha usado 29 veces.
La duracion media del repostaje en el surtidor 3 ha sido de 38
El surtidor 4 se ha usado 30 veces.
La duracion media del repostaje en el surtidor 4 ha sido de 37
Coches bloqueados hasta el momento: 1174
*************************************
******** FIN DEL COMUNICADO *********




**** ESTADISTICO INFORMANDO ****
********************************
El surtidor 1 se ha usado 30 veces.
La duracion media del repostaje en el surtidor 1 ha sido de 41
El surtidor 2 se ha usado 24 veces.
La duracion media del repostaje en el surtidor 2 ha sido de 50
El surtidor 3 se ha usado 31 veces.
La duracion media del repostaje en el surtidor 3 ha sido de 38
El surtidor 4 se ha usado 31 veces.
La duracion media del repostaje en el surtidor 4 ha sido de 38
Coches bloqueados hasta el momento: 1239
*************************************
******** FIN DEL COMUNICADO *********




**** ESTADISTICO INFORMANDO ****
********************************
El surtidor 1 se ha usado 30 veces.
La duracion media del repostaje en el surtidor 1 ha sido de 41
El surtidor 2 se ha usado 26 veces.
La duracion media del repostaje en el surtidor 2 ha sido de 49
El surtidor 3 se ha usado 32 veces.
La duracion media del repostaje en el surtidor 3 ha sido de 38
El surtidor 4 se ha usado 32 veces.
La duracion media del repostaje en el surtidor 4 ha sido de 39
Coches bloqueados hasta el momento: 1296
*************************************
******** FIN DEL COMUNICADO *********




**** ESTADISTICO INFORMANDO ****
********************************
El surtidor 1 se ha usado 31 veces.
La duracion media del repostaje en el surtidor 1 ha sido de 42
El surtidor 2 se ha usado 28 veces.
La duracion media del repostaje en el surtidor 2 ha sido de 49
El surtidor 3 se ha usado 37 veces.
La duracion media del repostaje en el surtidor 3 ha sido de 36
El surtidor 4 se ha usado 33 veces.
La duracion media del repostaje en el surtidor 4 ha sido de 40
Coches bloqueados hasta el momento: 1390
*************************************
******** FIN DEL COMUNICADO *********




**** ESTADISTICO INFORMANDO ****
********************************
El surtidor 1 se ha usado 33 veces.
La duracion media del repostaje en el surtidor 1 ha sido de 43
El surtidor 2 se ha usado 29 veces.
La duracion media del repostaje en el surtidor 2 ha sido de 48
El surtidor 3 se ha usado 37 veces.
La duracion media del repostaje en el surtidor 3 ha sido de 36
El surtidor 4 se ha usado 34 veces.
La duracion media del repostaje en el surtidor 4 ha sido de 40
Coches bloqueados hasta el momento: 1442
*************************************
******** FIN DEL COMUNICADO *********




**** ESTADISTICO INFORMANDO ****
********************************
El surtidor 1 se ha usado 34 veces.
La duracion media del repostaje en el surtidor 1 ha sido de 45
El surtidor 2 se ha usado 30 veces.
La duracion media del repostaje en el surtidor 2 ha sido de 49
El surtidor 3 se ha usado 39 veces.
La duracion media del repostaje en el surtidor 3 ha sido de 36
El surtidor 4 se ha usado 37 veces.
La duracion media del repostaje en el surtidor 4 ha sido de 39
Coches bloqueados hasta el momento: 1526
*************************************
******** FIN DEL COMUNICADO *********




**** ESTADISTICO INFORMANDO ****
********************************
El surtidor 1 se ha usado 34 veces.
La duracion media del repostaje en el surtidor 1 ha sido de 45
El surtidor 2 se ha usado 33 veces.
La duracion media del repostaje en el surtidor 2 ha sido de 47
El surtidor 3 se ha usado 40 veces.
La duracion media del repostaje en el surtidor 3 ha sido de 38
El surtidor 4 se ha usado 38 veces.
La duracion media del repostaje en el surtidor 4 ha sido de 40
Coches bloqueados hasta el momento: 1589
*************************************
******** FIN DEL COMUNICADO *********




**** ESTADISTICO INFORMANDO ****
********************************
El surtidor 1 se ha usado 35 veces.
La duracion media del repostaje en el surtidor 1 ha sido de 46
El surtidor 2 se ha usado 35 veces.
La duracion media del repostaje en el surtidor 2 ha sido de 48
El surtidor 3 se ha usado 41 veces.
La duracion media del repostaje en el surtidor 3 ha sido de 37
El surtidor 4 se ha usado 41 veces.
La duracion media del repostaje en el surtidor 4 ha sido de 39
Coches bloqueados hasta el momento: 1678
*************************************
******** FIN DEL COMUNICADO *********




**** ESTADISTICO INFORMANDO ****
********************************
El surtidor 1 se ha usado 37 veces.
La duracion media del repostaje en el surtidor 1 ha sido de 45
El surtidor 2 se ha usado 35 veces.
La duracion media del repostaje en el surtidor 2 ha sido de 48
El surtidor 3 se ha usado 44 veces.
La duracion media del repostaje en el surtidor 3 ha sido de 37
El surtidor 4 se ha usado 42 veces.
La duracion media del repostaje en el surtidor 4 ha sido de 38
Coches bloqueados hasta el momento: 1747
*************************************
******** FIN DEL COMUNICADO *********




**** ESTADISTICO INFORMANDO ****
********************************
El surtidor 1 se ha usado 38 veces.
La duracion media del repostaje en el surtidor 1 ha sido de 46
El surtidor 2 se ha usado 36 veces.
La duracion media del repostaje en el surtidor 2 ha sido de 49
El surtidor 3 se ha usado 47 veces.
La duracion media del repostaje en el surtidor 3 ha sido de 36
El surtidor 4 se ha usado 44 veces.
La duracion media del repostaje en el surtidor 4 ha sido de 39
Coches bloqueados hasta el momento: 1826
*************************************
******** FIN DEL COMUNICADO *********




**** ESTADISTICO INFORMANDO ****
********************************
El surtidor 1 se ha usado 40 veces.
La duracion media del repostaje en el surtidor 1 ha sido de 46
El surtidor 2 se ha usado 37 veces.
La duracion media del repostaje en el surtidor 2 ha sido de 49
El surtidor 3 se ha usado 49 veces.
La duracion media del repostaje en el surtidor 3 ha sido de 35
El surtidor 4 se ha usado 45 veces.
La duracion media del repostaje en el surtidor 4 ha sido de 40
Coches bloqueados hasta el momento: 1896
*************************************
******** FIN DEL COMUNICADO *********




**** ESTADISTICO INFORMANDO ****
********************************
El surtidor 1 se ha usado 40 veces.
La duracion media del repostaje en el surtidor 1 ha sido de 46
El surtidor 2 se ha usado 38 veces.
La duracion media del repostaje en el surtidor 2 ha sido de 50
El surtidor 3 se ha usado 52 veces.
La duracion media del repostaje en el surtidor 3 ha sido de 35
El surtidor 4 se ha usado 45 veces.
La duracion media del repostaje en el surtidor 4 ha sido de 40
Coches bloqueados hasta el momento: 1949
*************************************
******** FIN DEL COMUNICADO *********




**** ESTADISTICO INFORMANDO ****
********************************
El surtidor 1 se ha usado 42 veces.
La duracion media del repostaje en el surtidor 1 ha sido de 46
El surtidor 2 se ha usado 39 veces.
La duracion media del repostaje en el surtidor 2 ha sido de 50
El surtidor 3 se ha usado 53 veces.
La duracion media del repostaje en el surtidor 3 ha sido de 35
El surtidor 4 se ha usado 47 veces.
La duracion media del repostaje en el surtidor 4 ha sido de 40
Coches bloqueados hasta el momento: 2022
*************************************
******** FIN DEL COMUNICADO *********




**** ESTADISTICO INFORMANDO ****
********************************
El surtidor 1 se ha usado 44 veces.
La duracion media del repostaje en el surtidor 1 ha sido de 45
El surtidor 2 se ha usado 41 veces.
La duracion media del repostaje en el surtidor 2 ha sido de 49
El surtidor 3 se ha usado 54 veces.
La duracion media del repostaje en el surtidor 3 ha sido de 36
El surtidor 4 se ha usado 49 veces.
La duracion media del repostaje en el surtidor 4 ha sido de 41
Coches bloqueados hasta el momento: 2094
*************************************
******** FIN DEL COMUNICADO *********




**** ESTADISTICO INFORMANDO ****
********************************
El surtidor 1 se ha usado 47 veces.
La duracion media del repostaje en el surtidor 1 ha sido de 44
El surtidor 2 se ha usado 43 veces.
La duracion media del repostaje en el surtidor 2 ha sido de 48
El surtidor 3 se ha usado 55 veces.
La duracion media del repostaje en el surtidor 3 ha sido de 37
El surtidor 4 se ha usado 49 veces.
La duracion media del repostaje en el surtidor 4 ha sido de 41
Coches bloqueados hasta el momento: 2163
*************************************
******** FIN DEL COMUNICADO *********




**** ESTADISTICO INFORMANDO ****
********************************
El surtidor 1 se ha usado 48 veces.
La duracion media del repostaje en el surtidor 1 ha sido de 45
El surtidor 2 se ha usado 44 veces.
La duracion media del repostaje en el surtidor 2 ha sido de 49
El surtidor 3 se ha usado 56 veces.
La duracion media del repostaje en el surtidor 3 ha sido de 38
El surtidor 4 se ha usado 53 veces.
La duracion media del repostaje en el surtidor 4 ha sido de 40
Coches bloqueados hasta el momento: 2253
*************************************
******** FIN DEL COMUNICADO *********




**** ESTADISTICO INFORMANDO ****
********************************
El surtidor 1 se ha usado 49 veces.
La duracion media del repostaje en el surtidor 1 ha sido de 45
El surtidor 2 se ha usado 45 veces.
La duracion media del repostaje en el surtidor 2 ha sido de 49
El surtidor 3 se ha usado 58 veces.
La duracion media del repostaje en el surtidor 3 ha sido de 37
El surtidor 4 se ha usado 54 veces.
La duracion media del repostaje en el surtidor 4 ha sido de 40
Coches bloqueados hasta el momento: 2318
*************************************
******** FIN DEL COMUNICADO *********




**** ESTADISTICO INFORMANDO ****
********************************
El surtidor 1 se ha usado 50 veces.
La duracion media del repostaje en el surtidor 1 ha sido de 46
El surtidor 2 se ha usado 46 veces.
La duracion media del repostaje en el surtidor 2 ha sido de 49
El surtidor 3 se ha usado 60 veces.
La duracion media del repostaje en el surtidor 3 ha sido de 37
El surtidor 4 se ha usado 56 veces.
La duracion media del repostaje en el surtidor 4 ha sido de 39
Coches bloqueados hasta el momento: 2386
*************************************
******** FIN DEL COMUNICADO *********




**** ESTADISTICO INFORMANDO ****
********************************
El surtidor 1 se ha usado 50 veces.
La duracion media del repostaje en el surtidor 1 ha sido de 46
El surtidor 2 se ha usado 47 veces.
La duracion media del repostaje en el surtidor 2 ha sido de 50
El surtidor 3 se ha usado 62 veces.
La duracion media del repostaje en el surtidor 3 ha sido de 37
El surtidor 4 se ha usado 58 veces.
La duracion media del repostaje en el surtidor 4 ha sido de 39
Coches bloqueados hasta el momento: 2446
*************************************
******** FIN DEL COMUNICADO *********




**** ESTADISTICO INFORMANDO ****
********************************
El surtidor 1 se ha usado 52 veces.
La duracion media del repostaje en el surtidor 1 ha sido de 46
El surtidor 2 se ha usado 48 veces.
La duracion media del repostaje en el surtidor 2 ha sido de 51
El surtidor 3 se ha usado 63 veces.
La duracion media del repostaje en el surtidor 3 ha sido de 37
El surtidor 4 se ha usado 60 veces.
La duracion media del repostaje en el surtidor 4 ha sido de 39
Coches bloqueados hasta el momento: 2525
*************************************
******** FIN DEL COMUNICADO *********




**** ESTADISTICO INFORMANDO ****
********************************
El surtidor 1 se ha usado 56 veces.
La duracion media del repostaje en el surtidor 1 ha sido de 43
El surtidor 2 se ha usado 49 veces.
La duracion media del repostaje en el surtidor 2 ha sido de 51
El surtidor 3 se ha usado 64 veces.
La duracion media del repostaje en el surtidor 3 ha sido de 38
El surtidor 4 se ha usado 61 veces.
La duracion media del repostaje en el surtidor 4 ha sido de 39
Coches bloqueados hasta el momento: 2610
*************************************
******** FIN DEL COMUNICADO *********




**** ESTADISTICO INFORMANDO ****
********************************
El surtidor 1 se ha usado 59 veces.
La duracion media del repostaje en el surtidor 1 ha sido de 43
El surtidor 2 se ha usado 50 veces.
La duracion media del repostaje en el surtidor 2 ha sido de 52
El surtidor 3 se ha usado 65 veces.
La duracion media del repostaje en el surtidor 3 ha sido de 38
El surtidor 4 se ha usado 62 veces.
La duracion media del repostaje en el surtidor 4 ha sido de 40
Coches bloqueados hasta el momento: 2685
*************************************
******** FIN DEL COMUNICADO *********




**** ESTADISTICO INFORMANDO ****
********************************
El surtidor 1 se ha usado 60 veces.
La duracion media del repostaje en el surtidor 1 ha sido de 43
El surtidor 2 se ha usado 51 veces.
La duracion media del repostaje en el surtidor 2 ha sido de 51
El surtidor 3 se ha usado 66 veces.
La duracion media del repostaje en el surtidor 3 ha sido de 39
El surtidor 4 se ha usado 63 veces.
La duracion media del repostaje en el surtidor 4 ha sido de 40
Coches bloqueados hasta el momento: 2738
*************************************
******** FIN DEL COMUNICADO *********




**** ESTADISTICO INFORMANDO ****
********************************
El surtidor 1 se ha usado 64 veces.
La duracion media del repostaje en el surtidor 1 ha sido de 42
El surtidor 2 se ha usado 52 veces.
La duracion media del repostaje en el surtidor 2 ha sido de 52
El surtidor 3 se ha usado 67 veces.
La duracion media del repostaje en el surtidor 3 ha sido de 39
El surtidor 4 se ha usado 66 veces.
La duracion media del repostaje en el surtidor 4 ha sido de 39
Coches bloqueados hasta el momento: 2832
*************************************
******** FIN DEL COMUNICADO *********




**** ESTADISTICO INFORMANDO ****
********************************
El surtidor 1 se ha usado 65 veces.
La duracion media del repostaje en el surtidor 1 ha sido de 42
El surtidor 2 se ha usado 53 veces.
La duracion media del repostaje en el surtidor 2 ha sido de 53
El surtidor 3 se ha usado 68 veces.
La duracion media del repostaje en el surtidor 3 ha sido de 39
El surtidor 4 se ha usado 67 veces.
La duracion media del repostaje en el surtidor 4 ha sido de 40
Coches bloqueados hasta el momento: 2888
*************************************
******** FIN DEL COMUNICADO *********




**** ESTADISTICO INFORMANDO ****
********************************
El surtidor 1 se ha usado 66 veces.
La duracion media del repostaje en el surtidor 1 ha sido de 42
El surtidor 2 se ha usado 55 veces.
La duracion media del repostaje en el surtidor 2 ha sido de 52
El surtidor 3 se ha usado 71 veces.
La duracion media del repostaje en el surtidor 3 ha sido de 39
El surtidor 4 se ha usado 68 veces.
La duracion media del repostaje en el surtidor 4 ha sido de 41
Coches bloqueados hasta el momento: 2972
*************************************
******** FIN DEL COMUNICADO *********




**** ESTADISTICO INFORMANDO ****
********************************
El surtidor 1 se ha usado 67 veces.
La duracion media del repostaje en el surtidor 1 ha sido de 43
El surtidor 2 se ha usado 56 veces.
La duracion media del repostaje en el surtidor 2 ha sido de 51
El surtidor 3 se ha usado 73 veces.
La duracion media del repostaje en el surtidor 3 ha sido de 38
El surtidor 4 se ha usado 69 veces.
La duracion media del repostaje en el surtidor 4 ha sido de 41
Coches bloqueados hasta el momento: 3012
*************************************
******** FIN DEL COMUNICADO *********




**** ESTADISTICO INFORMANDO ****
********************************
El surtidor 1 se ha usado 68 veces.
La duracion media del repostaje en el surtidor 1 ha sido de 43
El surtidor 2 se ha usado 57 veces.
La duracion media del repostaje en el surtidor 2 ha sido de 51
El surtidor 3 se ha usado 77 veces.
La duracion media del repostaje en el surtidor 3 ha sido de 38
El surtidor 4 se ha usado 70 veces.
La duracion media del repostaje en el surtidor 4 ha sido de 41
Coches bloqueados hasta el momento: 3089
*************************************
******** FIN DEL COMUNICADO *********




**** ESTADISTICO INFORMANDO ****
********************************
El surtidor 1 se ha usado 69 veces.
La duracion media del repostaje en el surtidor 1 ha sido de 44
El surtidor 2 se ha usado 59 veces.
La duracion media del repostaje en el surtidor 2 ha sido de 52
El surtidor 3 se ha usado 78 veces.
La duracion media del repostaje en el surtidor 3 ha sido de 38
El surtidor 4 se ha usado 71 veces.
La duracion media del repostaje en el surtidor 4 ha sido de 42
Coches bloqueados hasta el momento: 3133
*************************************
******** FIN DEL COMUNICADO *********




**** ESTADISTICO INFORMANDO ****
********************************
El surtidor 1 se ha usado 69 veces.
La duracion media del repostaje en el surtidor 1 ha sido de 44
El surtidor 2 se ha usado 60 veces.
La duracion media del repostaje en el surtidor 2 ha sido de 51
El surtidor 3 se ha usado 80 veces.
La duracion media del repostaje en el surtidor 3 ha sido de 38
El surtidor 4 se ha usado 71 veces.
La duracion media del repostaje en el surtidor 4 ha sido de 42
Coches bloqueados hasta el momento: 3162
*************************************
******** FIN DEL COMUNICADO *********




**** ESTADISTICO INFORMANDO ****
********************************
El surtidor 1 se ha usado 70 veces.
La duracion media del repostaje en el surtidor 1 ha sido de 44
El surtidor 2 se ha usado 62 veces.
La duracion media del repostaje en el surtidor 2 ha sido de 51
El surtidor 3 se ha usado 81 veces.
La duracion media del repostaje en el surtidor 3 ha sido de 38
El surtidor 4 se ha usado 73 veces.
La duracion media del repostaje en el surtidor 4 ha sido de 42
Coches bloqueados hasta el momento: 3219
*************************************
******** FIN DEL COMUNICADO *********




**** ESTADISTICO INFORMANDO ****
********************************
El surtidor 1 se ha usado 71 veces.
La duracion media del repostaje en el surtidor 1 ha sido de 45
El surtidor 2 se ha usado 63 veces.
La duracion media del repostaje en el surtidor 2 ha sido de 51
El surtidor 3 se ha usado 82 veces.
La duracion media del repostaje en el surtidor 3 ha sido de 38
El surtidor 4 se ha usado 74 veces.
La duracion media del repostaje en el surtidor 4 ha sido de 42
Coches bloqueados hasta el momento: 3254
*************************************
******** FIN DEL COMUNICADO *********




**** ESTADISTICO INFORMANDO ****
********************************
El surtidor 1 se ha usado 72 veces.
La duracion media del repostaje en el surtidor 1 ha sido de 45
El surtidor 2 se ha usado 66 veces.
La duracion media del repostaje en el surtidor 2 ha sido de 50
El surtidor 3 se ha usado 83 veces.
La duracion media del repostaje en el surtidor 3 ha sido de 39
El surtidor 4 se ha usado 75 veces.
La duracion media del repostaje en el surtidor 4 ha sido de 43
Coches bloqueados hasta el momento: 3293
*************************************
******** FIN DEL COMUNICADO *********




**** ESTADISTICO INFORMANDO ****
********************************
El surtidor 1 se ha usado 73 veces.
La duracion media del repostaje en el surtidor 1 ha sido de 45
El surtidor 2 se ha usado 67 veces.
La duracion media del repostaje en el surtidor 2 ha sido de 51
El surtidor 3 se ha usado 84 veces.
La duracion media del repostaje en el surtidor 3 ha sido de 39
El surtidor 4 se ha usado 75 veces.
La duracion media del repostaje en el surtidor 4 ha sido de 43
Coches bloqueados hasta el momento: 3324
*************************************
******** FIN DEL COMUNICADO *********




**** ESTADISTICO INFORMANDO ****
********************************
El surtidor 1 se ha usado 75 veces.
La duracion media del repostaje en el surtidor 1 ha sido de 45
El surtidor 2 se ha usado 68 veces.
La duracion media del repostaje en el surtidor 2 ha sido de 51
El surtidor 3 se ha usado 85 veces.
La duracion media del repostaje en el surtidor 3 ha sido de 39
El surtidor 4 se ha usado 76 veces.
La duracion media del repostaje en el surtidor 4 ha sido de 44
Coches bloqueados hasta el momento: 3367
*************************************
******** FIN DEL COMUNICADO *********




**** ESTADISTICO INFORMANDO ****
********************************
El surtidor 1 se ha usado 76 veces.
La duracion media del repostaje en el surtidor 1 ha sido de 45
El surtidor 2 se ha usado 69 veces.
La duracion media del repostaje en el surtidor 2 ha sido de 51
El surtidor 3 se ha usado 87 veces.
La duracion media del repostaje en el surtidor 3 ha sido de 40
El surtidor 4 se ha usado 78 veces.
La duracion media del repostaje en el surtidor 4 ha sido de 44
Coches bloqueados hasta el momento: 3413
*************************************
******** FIN DEL COMUNICADO *********




**** ESTADISTICO INFORMANDO ****
********************************
El surtidor 1 se ha usado 77 veces.
La duracion media del repostaje en el surtidor 1 ha sido de 46
El surtidor 2 se ha usado 70 veces.
La duracion media del repostaje en el surtidor 2 ha sido de 51
El surtidor 3 se ha usado 88 veces.
La duracion media del repostaje en el surtidor 3 ha sido de 40
El surtidor 4 se ha usado 79 veces.
La duracion media del repostaje en el surtidor 4 ha sido de 44
Coches bloqueados hasta el momento: 3444
*************************************
******** FIN DEL COMUNICADO *********




**** ESTADISTICO INFORMANDO ****
********************************
El surtidor 1 se ha usado 78 veces.
La duracion media del repostaje en el surtidor 1 ha sido de 46
El surtidor 2 se ha usado 71 veces.
La duracion media del repostaje en el surtidor 2 ha sido de 51
El surtidor 3 se ha usado 90 veces.
La duracion media del repostaje en el surtidor 3 ha sido de 39
El surtidor 4 se ha usado 80 veces.
La duracion media del repostaje en el surtidor 4 ha sido de 44
Coches bloqueados hasta el momento: 3483
*************************************
******** FIN DEL COMUNICADO *********




**** ESTADISTICO INFORMANDO ****
********************************
El surtidor 1 se ha usado 79 veces.
La duracion media del repostaje en el surtidor 1 ha sido de 47
El surtidor 2 se ha usado 72 veces.
La duracion media del repostaje en el surtidor 2 ha sido de 52
El surtidor 3 se ha usado 92 veces.
La duracion media del repostaje en el surtidor 3 ha sido de 40
El surtidor 4 se ha usado 81 veces.
La duracion media del repostaje en el surtidor 4 ha sido de 45
Coches bloqueados hasta el momento: 3519
*************************************
******** FIN DEL COMUNICADO *********




**** ESTADISTICO INFORMANDO ****
********************************
El surtidor 1 se ha usado 80 veces.
La duracion media del repostaje en el surtidor 1 ha sido de 47
El surtidor 2 se ha usado 73 veces.
La duracion media del repostaje en el surtidor 2 ha sido de 52
El surtidor 3 se ha usado 93 veces.
La duracion media del repostaje en el surtidor 3 ha sido de 40
El surtidor 4 se ha usado 82 veces.
La duracion media del repostaje en el surtidor 4 ha sido de 45
Coches bloqueados hasta el momento: 3541
*************************************
******** FIN DEL COMUNICADO *********




**** ESTADISTICO INFORMANDO ****
********************************
El surtidor 1 se ha usado 81 veces.
La duracion media del repostaje en el surtidor 1 ha sido de 47
El surtidor 2 se ha usado 74 veces.
La duracion media del repostaje en el surtidor 2 ha sido de 52
El surtidor 3 se ha usado 95 veces.
La duracion media del repostaje en el surtidor 3 ha sido de 40
El surtidor 4 se ha usado 83 veces.
La duracion media del repostaje en el surtidor 4 ha sido de 45
Coches bloqueados hasta el momento: 3565
*************************************
******** FIN DEL COMUNICADO *********




**** ESTADISTICO INFORMANDO ****
********************************
El surtidor 1 se ha usado 81 veces.
La duracion media del repostaje en el surtidor 1 ha sido de 47
El surtidor 2 se ha usado 75 veces.
La duracion media del repostaje en el surtidor 2 ha sido de 52
El surtidor 3 se ha usado 96 veces.
La duracion media del repostaje en el surtidor 3 ha sido de 40
El surtidor 4 se ha usado 84 veces.
La duracion media del repostaje en el surtidor 4 ha sido de 46
Coches bloqueados hasta el momento: 3586
*************************************
******** FIN DEL COMUNICADO *********




**** ESTADISTICO INFORMANDO ****
********************************
El surtidor 1 se ha usado 83 veces.
La duracion media del repostaje en el surtidor 1 ha sido de 48
El surtidor 2 se ha usado 76 veces.
La duracion media del repostaje en el surtidor 2 ha sido de 53
El surtidor 3 se ha usado 97 veces.
La duracion media del repostaje en el surtidor 3 ha sido de 40
El surtidor 4 se ha usado 85 veces.
La duracion media del repostaje en el surtidor 4 ha sido de 46
Coches bloqueados hasta el momento: 3609
*************************************
******** FIN DEL COMUNICADO *********




**** ESTADISTICO INFORMANDO ****
********************************
El surtidor 1 se ha usado 84 veces.
La duracion media del repostaje en el surtidor 1 ha sido de 48
El surtidor 2 se ha usado 77 veces.
La duracion media del repostaje en el surtidor 2 ha sido de 53
El surtidor 3 se ha usado 98 veces.
La duracion media del repostaje en el surtidor 3 ha sido de 41
El surtidor 4 se ha usado 86 veces.
La duracion media del repostaje en el surtidor 4 ha sido de 46
Coches bloqueados hasta el momento: 3630
*************************************
******** FIN DEL COMUNICADO *********




**** ESTADISTICO INFORMANDO ****
********************************
El surtidor 1 se ha usado 84 veces.
La duracion media del repostaje en el surtidor 1 ha sido de 48
El surtidor 2 se ha usado 78 veces.
La duracion media del repostaje en el surtidor 2 ha sido de 53
El surtidor 3 se ha usado 99 veces.
La duracion media del repostaje en el surtidor 3 ha sido de 41
El surtidor 4 se ha usado 87 veces.
La duracion media del repostaje en el surtidor 4 ha sido de 46
Coches bloqueados hasta el momento: 3643
*************************************
******** FIN DEL COMUNICADO *********




**** ESTADISTICO INFORMANDO ****
********************************
El surtidor 1 se ha usado 85 veces.
La duracion media del repostaje en el surtidor 1 ha sido de 49
El surtidor 2 se ha usado 79 veces.
La duracion media del repostaje en el surtidor 2 ha sido de 53
El surtidor 3 se ha usado 100 veces.
La duracion media del repostaje en el surtidor 3 ha sido de 42
El surtidor 4 se ha usado 88 veces.
La duracion media del repostaje en el surtidor 4 ha sido de 46
Coches bloqueados hasta el momento: 3664
*************************************
******** FIN DEL COMUNICADO *********




**** ESTADISTICO INFORMANDO ****
********************************
El surtidor 1 se ha usado 86 veces.
La duracion media del repostaje en el surtidor 1 ha sido de 49
El surtidor 2 se ha usado 80 veces.
La duracion media del repostaje en el surtidor 2 ha sido de 53
El surtidor 3 se ha usado 100 veces.
La duracion media del repostaje en el surtidor 3 ha sido de 42
El surtidor 4 se ha usado 89 veces.
La duracion media del repostaje en el surtidor 4 ha sido de 47
Coches bloqueados hasta el momento: 3677
*************************************
******** FIN DEL COMUNICADO *********




**** ESTADISTICO INFORMANDO ****
********************************
El surtidor 1 se ha usado 87 veces.
La duracion media del repostaje en el surtidor 1 ha sido de 49
El surtidor 2 se ha usado 81 veces.
La duracion media del repostaje en el surtidor 2 ha sido de 54
El surtidor 3 se ha usado 101 veces.
La duracion media del repostaje en el surtidor 3 ha sido de 42
El surtidor 4 se ha usado 90 veces.
La duracion media del repostaje en el surtidor 4 ha sido de 47
Coches bloqueados hasta el momento: 3695
*************************************
******** FIN DEL COMUNICADO *********




**** ESTADISTICO INFORMANDO ****
********************************
El surtidor 1 se ha usado 89 veces.
La duracion media del repostaje en el surtidor 1 ha sido de 49
El surtidor 2 se ha usado 82 veces.
La duracion media del repostaje en el surtidor 2 ha sido de 54
El surtidor 3 se ha usado 102 veces.
La duracion media del repostaje en el surtidor 3 ha sido de 42
El surtidor 4 se ha usado 91 veces.
La duracion media del repostaje en el surtidor 4 ha sido de 47
Coches bloqueados hasta el momento: 3714
*************************************
******** FIN DEL COMUNICADO *********




**** ESTADISTICO INFORMANDO ****
********************************
El surtidor 1 se ha usado 90 veces.
La duracion media del repostaje en el surtidor 1 ha sido de 49
El surtidor 2 se ha usado 83 veces.
La duracion media del repostaje en el surtidor 2 ha sido de 54
El surtidor 3 se ha usado 103 veces.
La duracion media del repostaje en el surtidor 3 ha sido de 43
El surtidor 4 se ha usado 92 veces.
La duracion media del repostaje en el surtidor 4 ha sido de 47
Coches bloqueados hasta el momento: 3727
*************************************
******** FIN DEL COMUNICADO *********




**** ESTADISTICO INFORMANDO ****
********************************
El surtidor 1 se ha usado 91 veces.
La duracion media del repostaje en el surtidor 1 ha sido de 49
El surtidor 2 se ha usado 84 veces.
La duracion media del repostaje en el surtidor 2 ha sido de 54
El surtidor 3 se ha usado 104 veces.
La duracion media del repostaje en el surtidor 3 ha sido de 43
El surtidor 4 se ha usado 93 veces.
La duracion media del repostaje en el surtidor 4 ha sido de 47
Coches bloqueados hasta el momento: 3736
*************************************
******** FIN DEL COMUNICADO *********




**** ESTADISTICO INFORMANDO ****
********************************
El surtidor 1 se ha usado 92 veces.
La duracion media del repostaje en el surtidor 1 ha sido de 50
El surtidor 2 se ha usado 85 veces.
La duracion media del repostaje en el surtidor 2 ha sido de 54
El surtidor 3 se ha usado 105 veces.
La duracion media del repostaje en el surtidor 3 ha sido de 44
El surtidor 4 se ha usado 94 veces.
La duracion media del repostaje en el surtidor 4 ha sido de 48
Coches bloqueados hasta el momento: 3745
*************************************
******** FIN DEL COMUNICADO *********




**** ESTADISTICO INFORMANDO ****
********************************
El surtidor 1 se ha usado 92 veces.
La duracion media del repostaje en el surtidor 1 ha sido de 50
El surtidor 2 se ha usado 86 veces.
La duracion media del repostaje en el surtidor 2 ha sido de 55
El surtidor 3 se ha usado 105 veces.
La duracion media del repostaje en el surtidor 3 ha sido de 44
El surtidor 4 se ha usado 95 veces.
La duracion media del repostaje en el surtidor 4 ha sido de 48
Coches bloqueados hasta el momento: 3752
*************************************
******** FIN DEL COMUNICADO *********




**** ESTADISTICO INFORMANDO ****
********************************
El surtidor 1 se ha usado 94 veces.
La duracion media del repostaje en el surtidor 1 ha sido de 50
El surtidor 2 se ha usado 86 veces.
La duracion media del repostaje en el surtidor 2 ha sido de 55
El surtidor 3 se ha usado 106 veces.
La duracion media del repostaje en el surtidor 3 ha sido de 44
El surtidor 4 se ha usado 96 veces.
La duracion media del repostaje en el surtidor 4 ha sido de 49
Coches bloqueados hasta el momento: 3756
*************************************
******** FIN DEL COMUNICADO *********




**** ESTADISTICO INFORMANDO ****
********************************
El surtidor 1 se ha usado 95 veces.
La duracion media del repostaje en el surtidor 1 ha sido de 51
El surtidor 2 se ha usado 87 veces.
La duracion media del repostaje en el surtidor 2 ha sido de 55
El surtidor 3 se ha usado 107 veces.
La duracion media del repostaje en el surtidor 3 ha sido de 44
El surtidor 4 se ha usado 96 veces.
La duracion media del repostaje en el surtidor 4 ha sido de 49
Coches bloqueados hasta el momento: 3759
*************************************
******** FIN DEL COMUNICADO *********




**** ESTADISTICO INFORMANDO ****
********************************
El surtidor 1 se ha usado 95 veces.
La duracion media del repostaje en el surtidor 1 ha sido de 51
El surtidor 2 se ha usado 87 veces.
La duracion media del repostaje en el surtidor 2 ha sido de 55
El surtidor 3 se ha usado 108 veces.
La duracion media del repostaje en el surtidor 3 ha sido de 44
El surtidor 4 se ha usado 97 veces.
La duracion media del repostaje en el surtidor 4 ha sido de 49
Coches bloqueados hasta el momento: 3760
*************************************
******** FIN DEL COMUNICADO *********




**** ESTADISTICO INFORMANDO ****
********************************
El surtidor 1 se ha usado 96 veces.
La duracion media del repostaje en el surtidor 1 ha sido de 51
El surtidor 2 se ha usado 88 veces.
La duracion media del repostaje en el surtidor 2 ha sido de 56
El surtidor 3 se ha usado 109 veces.
La duracion media del repostaje en el surtidor 3 ha sido de 45
El surtidor 4 se ha usado 97 veces.
La duracion media del repostaje en el surtidor 4 ha sido de 49
Coches bloqueados hasta el momento: 3760
*************************************
******** FIN DEL COMUNICADO *********




**** ESTADISTICO INFORMANDO ****
********************************
El surtidor 1 se ha usado 97 veces.
La duracion media del repostaje en el surtidor 1 ha sido de 52
El surtidor 2 se ha usado 89 veces.
La duracion media del repostaje en el surtidor 2 ha sido de 56
El surtidor 3 se ha usado 109 veces.
La duracion media del repostaje en el surtidor 3 ha sido de 45
El surtidor 4 se ha usado 97 veces.
La duracion media del repostaje en el surtidor 4 ha sido de 49
Coches bloqueados hasta el momento: 3760
*************************************
******** FIN DEL COMUNICADO *********




**** ESTADISTICO INFORMANDO ****
********************************
El surtidor 1 se ha usado 97 veces.
La duracion media del repostaje en el surtidor 1 ha sido de 52
El surtidor 2 se ha usado 89 veces.
La duracion media del repostaje en el surtidor 2 ha sido de 56
El surtidor 3 se ha usado 110 veces.
La duracion media del repostaje en el surtidor 3 ha sido de 45
El surtidor 4 se ha usado 98 veces.
La duracion media del repostaje en el surtidor 4 ha sido de 49
Coches bloqueados hasta el momento: 3760
*************************************
******** FIN DEL COMUNICADO *********




**** ESTADISTICO INFORMANDO ****
********************************
El surtidor 1 se ha usado 98 veces.
La duracion media del repostaje en el surtidor 1 ha sido de 52
El surtidor 2 se ha usado 89 veces.
La duracion media del repostaje en el surtidor 2 ha sido de 56
El surtidor 3 se ha usado 110 veces.
La duracion media del repostaje en el surtidor 3 ha sido de 45
El surtidor 4 se ha usado 98 veces.
La duracion media del repostaje en el surtidor 4 ha sido de 49
Coches bloqueados hasta el momento: 3760
*************************************
******** FIN DEL COMUNICADO *********




**** ESTADISTICO INFORMANDO ****
********************************
El surtidor 1 se ha usado 98 veces.
La duracion media del repostaje en el surtidor 1 ha sido de 52
El surtidor 2 se ha usado 90 veces.
La duracion media del repostaje en el surtidor 2 ha sido de 56
El surtidor 3 se ha usado 111 veces.
La duracion media del repostaje en el surtidor 3 ha sido de 46
El surtidor 4 se ha usado 98 veces.
La duracion media del repostaje en el surtidor 4 ha sido de 49
Coches bloqueados hasta el momento: 3760
*************************************
******** FIN DEL COMUNICADO *********




**** ESTADISTICO INFORMANDO ****
********************************
El surtidor 1 se ha usado 99 veces.
La duracion media del repostaje en el surtidor 1 ha sido de 52
El surtidor 2 se ha usado 90 veces.
La duracion media del repostaje en el surtidor 2 ha sido de 56
El surtidor 3 se ha usado 111 veces.
La duracion media del repostaje en el surtidor 3 ha sido de 46
El surtidor 4 se ha usado 98 veces.
La duracion media del repostaje en el surtidor 4 ha sido de 49
Coches bloqueados hasta el momento: 3760
*************************************
******** FIN DEL COMUNICADO *********




**** ESTADISTICO INFORMANDO ****
********************************
El surtidor 1 se ha usado 99 veces.
La duracion media del repostaje en el surtidor 1 ha sido de 52
El surtidor 2 se ha usado 91 veces.
La duracion media del repostaje en el surtidor 2 ha sido de 57
El surtidor 3 se ha usado 111 veces.
La duracion media del repostaje en el surtidor 3 ha sido de 46
El surtidor 4 se ha usado 98 veces.
La duracion media del repostaje en el surtidor 4 ha sido de 49
Coches bloqueados hasta el momento: 3760
*************************************
******** FIN DEL COMUNICADO *********




**** ESTADISTICO INFORMANDO ****
********************************
El surtidor 1 se ha usado 100 veces.
La duracion media del repostaje en el surtidor 1 ha sido de 53
El surtidor 2 se ha usado 91 veces.
La duracion media del repostaje en el surtidor 2 ha sido de 57
El surtidor 3 se ha usado 111 veces.
La duracion media del repostaje en el surtidor 3 ha sido de 46
El surtidor 4 se ha usado 98 veces.
La duracion media del repostaje en el surtidor 4 ha sido de 49
Coches bloqueados hasta el momento: 3760
*************************************
******** FIN DEL COMUNICADO *********




**** ESTADISTICO INFORMANDO ****
********************************
El surtidor 1 se ha usado 100 veces.
La duracion media del repostaje en el surtidor 1 ha sido de 53
El surtidor 2 se ha usado 91 veces.
La duracion media del repostaje en el surtidor 2 ha sido de 57
El surtidor 3 se ha usado 111 veces.
La duracion media del repostaje en el surtidor 3 ha sido de 46
El surtidor 4 se ha usado 98 veces.
La duracion media del repostaje en el surtidor 4 ha sido de 49
Coches bloqueados hasta el momento: 3760
*************************************
******** FIN DEL COMUNICADO *********


